###############################################################################
#
# IAR ANSI C/C++ Compiler V9.30.1.335/W64 for ARM         07/Jun/2025  11:45:32
# Copyright 1999-2022 IAR Systems AB.
#
#    Cpu mode                     =  thumb
#    Endian                       =  little
#    Source file                  =
#        C:\projects\micro\RtosWrapper\MyTasks\ButtonTask.cpp
#    Command line                 =
#        -f C:\projects\micro\RtosWrapper\Debug\Obj\MyTasks\ButtonTask.o.rsp
#        (C:\projects\micro\RtosWrapper\MyTasks\ButtonTask.cpp -lC
#        C:\projects\micro\RtosWrapper\Debug\List\MyTasks -lA
#        C:\projects\micro\RtosWrapper\Debug\List\MyTasks -o
#        C:\projects\micro\RtosWrapper\Debug\Obj\MyTasks --no_cse --no_unroll
#        --no_inline --no_code_motion --no_tbaa --no_clustering --no_scheduling
#        --debug --endian=little --cpu=Cortex-M4 -e --fpu=VFPv4_sp
#        --dlib_config "C:\Program Files\IAR Systems\Embedded Workbench
#        9.1\arm\inc\c\DLib_Config_Normal.h" -I
#        C:\projects\micro\RtosWrapper\Rtos\ -I
#        C:\projects\micro\RtosWrapper\Rtos\wrapper\ -I
#        C:\projects\micro\RtosWrapper\Rtos\wrapper\FreeRtos\ -I
#        C:\projects\micro\RtosWrapper\Rtos\FreeRtos\ -I
#        C:\projects\micro\RtosWrapper\Rtos\FreeRtos\include\ -I
#        C:\projects\micro\RtosWrapper\Rtos\FreeRtos\portable\ -I
#        C:\projects\micro\RtosWrapper\Rtos\FreeRtos\portable\Common\ -I
#        C:\projects\micro\RtosWrapper\Rtos\FreeRtos\portable\IAR\ -I
#        C:\projects\micro\RtosWrapper\Rtos\FreeRtos\portable\IAR\ARM_CM4F\ -I
#        C:\projects\micro\RtosWrapper\Rtos\FreeRtos\portable\MemMang\ -I
#        C:\projects\micro\RtosWrapper\MyTasks\ -I
#        C:\projects\micro\RtosWrapper\Common\ -I
#        C:\projects\micro\RtosWrapper\CMSIS\ -I
#        C:\projects\micro\RtosWrapper\Application\ -I
#        C:\projects\micro\RtosWrapper\Application\Diagnostic\ -I
#        C:\projects\micro\RtosWrapper\AHardware\ -I
#        C:\projects\micro\RtosWrapper\AHardware\GpioPort\ -I
#        C:\projects\micro\RtosWrapper\AHardware\IrqController\ -I
#        C:\projects\micro\RtosWrapper\..\CortexLib\AbstractHardware\Pin\ -I
#        C:\projects\micro\RtosWrapper\..\CortexLib\AbstractHardware\Registers\STM32F411\FieldValues\
#        -I
#        C:\projects\micro\RtosWrapper\..\CortexLib\AbstractHardware\Registers\STM32F411\
#        -I
#        C:\projects\micro\RtosWrapper\..\CortexLib\AbstractHardware\Registers\
#        -I C:\projects\micro\RtosWrapper\..\CortexLib\AbstractHardware\Port\
#        -I C:\projects\micro\RtosWrapper\..\CortexLib\AbstractHardware\Atomic\
#        -I C:\projects\micro\RtosWrapper\..\CortexLib\Common\ -I
#        C:\projects\micro\RtosWrapper\..\CortexLib\Common\Singleton\ -I
#        C:\projects\micro\RtosWrapper\..\CortexLib\Common\RomObject\ -I
#        C:\projects\micro\RtosWrapper\Application\Implementation\ -I
#        C:\projects\micro\RtosWrapper\Application\Contracts\ -I
#        C:\projects\micro\RtosWrapper\Application\Implementation\Modes\ -On
#        --c++ --no_exceptions --no_rtti) --dependencies=n
#        C:\projects\micro\RtosWrapper\Debug\Obj\MyTasks\ButtonTask.o.d
#    Locale                       =  C
#    List file                    =
#        C:\projects\micro\RtosWrapper\Debug\List\MyTasks\ButtonTask.lst
#    Object file                  =
#        C:\projects\micro\RtosWrapper\Debug\Obj\MyTasks\ButtonTask.o
#    Runtime model:                  
#      __CPP_Exceptions           =  Disabled
#      __CPP_Language             =  C++14
#      __CPP_Library              =  DLib
#      __CPP_Runtime              =  1
#      __SystemLibrary            =  DLib
#      __dlib_file_descriptor     =  0
#      __dlib_full_locale_support =  0
#      __dlib_version             =  6
#
###############################################################################

C:\projects\micro\RtosWrapper\MyTasks\ButtonTask.cpp
      1          #include <iostream> // for std::cout, endl
      2          #include "ButtonTask.h"

   \                                 In section .text, align 2
   \   __vfp OsWrapper::TicksPerSecond std::chrono::duration_cast<OsWrapper::TicksPerSecond, __int64_t, std::milli>(std::chrono::duration<__int64_t, std::milli> const &)
   \                     _ZNSt6chrono13duration_castINS_8durationIjSt5ratioILx10ELx1000EEEExS2_ILx1ELx1000EEEENSt9enable_ifIXsr3std6chrono12_Is_durationIT_EE5valueES7_E4typeERKNS1_IT0_T1_EE: (+1)
   \        0x0   0xB51C             PUSH     {R2-R4,LR}
   \        0x2   0x0004             MOVS     R4,R0
   \        0x4   0x0020             MOVS     R0,R4
   \        0x6   0x.... 0x....      BL       _ZNKSt6chrono8durationIxSt5ratioILx1ELx1000EEE5countEv
   \        0xA   0x220A             MOVS     R2,#+10
   \        0xC   0x2300             MOVS     R3,#+0
   \        0xE   0x.... 0x....      BL       __aeabi_ldivmod
   \       0x12   0x9000             STR      R0,[SP, #+0]
   \       0x14   0x4669             MOV      R1,SP
   \       0x16   0xA801             ADD      R0,SP,#+4
   \       0x18   0x.... 0x....      BL       _ZNSt6chrono8durationIjSt5ratioILx10ELx1000EEEC1IjvEERKT_
   \       0x1C   0x9801             LDR      R0,[SP, #+4]
   \       0x1E   0xBD16             POP      {R1,R2,R4,PC}

   \                                 In section .text, align 2
   \   __vfp std::chrono::duration<uint32_t, std::ratio<10LL, 1'000LL>>::duration<uint32_t, void>(uint32_t const &)
   \                     _ZNSt6chrono8durationIjSt5ratioILx10ELx1000EEEC1IjvEERKT_: (+1)
   \        0x0   0x680A             LDR      R2,[R1, #+0]
   \        0x2   0x6002             STR      R2,[R0, #+0]
   \        0x4   0x4770             BX       LR

   \                                 In section .text, align 2
   \   __vfp __int64_t std::chrono::duration<__int64_t, std::milli>::count() const
   \                     _ZNKSt6chrono8durationIxSt5ratioILx1ELx1000EEE5countEv: (+1)
   \        0x0   0xE9D0 0x0100      LDRD     R0,R1,[R0, #+0]
   \        0x4   0x4770             BX       LR

   \                                 In section .text, align 2
   \   __vfp uint32_t std::chrono::duration<uint32_t, std::ratio<10LL, 1'000LL>>::count() const
   \                     _ZNKSt6chrono8durationIjSt5ratioILx10ELx1000EEE5countEv: (+1)
   \        0x0   0x6800             LDR      R0,[R0, #+0]
   \        0x2   0x4770             BX       LR

   \                                 In section .text, align 2
   \   __vfp void OsWrapper::RtosWrapper::wSleep(uint32_t)
   \                     _ZN9OsWrapper11RtosWrapper6wSleepEj: (+1)
   \        0x0   0xB510             PUSH     {R4,LR}
   \        0x2   0x0004             MOVS     R4,R0
   \        0x4   0x0020             MOVS     R0,R4
   \        0x6   0x.... 0x....      BL       vTaskDelay
   \        0xA   0xBD10             POP      {R4,PC}

   \                                 In section .text, align 2
   \   __vfp bool OsWrapper::RtosWrapper::wMailBoxPut(void * &, void const *)
   \                     _ZN9OsWrapper11RtosWrapper11wMailBoxPutERPvPKv: (+1)
   \        0x0   0xB538             PUSH     {R3-R5,LR}
   \        0x2   0x0004             MOVS     R4,R0
   \        0x4   0x000D             MOVS     R5,R1
   \        0x6   0x2300             MOVS     R3,#+0
   \        0x8   0x2200             MOVS     R2,#+0
   \        0xA   0x0029             MOVS     R1,R5
   \        0xC   0x6820             LDR      R0,[R4, #+0]
   \        0xE   0x.... 0x....      BL       xQueueGenericSendFromISR
   \       0x12   0x2801             CMP      R0,#+1
   \       0x14   0xD101             BNE.N    ??wMailBoxPut_0
   \       0x16   0x2001             MOVS     R0,#+1
   \       0x18   0xE000             B.N      ??wMailBoxPut_1
   \                     ??wMailBoxPut_0: (+1)
   \       0x1A   0x2000             MOVS     R0,#+0
   \                     ??wMailBoxPut_1: (+1)
   \       0x1C   0xB2C0             UXTB     R0,R0
   \       0x1E   0xBD32             POP      {R1,R4,R5,PC}

   \                                 In section .text, align 2
   \   __vfp void OsWrapper::IThread::Sleep(std::chrono::milliseconds)
   \                     _ZN9OsWrapper7IThread5SleepENSt6chrono8durationIxSt5ratioILx1ELx1000EEEE: (+1)
   \        0x0   0xB583             PUSH     {R0,R1,R7,LR}
   \        0x2   0xB082             SUB      SP,SP,#+8
   \        0x4   0xA802             ADD      R0,SP,#+8
   \        0x6   0x.... 0x....      BL       _ZNSt6chrono13duration_castINS_8durationIjSt5ratioILx10ELx1000EEEExS2_ILx1ELx1000EEEENSt9enable_ifIXsr3std6chrono12_Is_durationIT_EE5valueES7_E4typeERKNS1_IT0_T1_EE
   \        0xA   0x9000             STR      R0,[SP, #+0]
   \        0xC   0x4668             MOV      R0,SP
   \        0xE   0x.... 0x....      BL       _ZNKSt6chrono8durationIjSt5ratioILx10ELx1000EEE5countEv
   \       0x12   0x.... 0x....      BL       _ZN9OsWrapper11RtosWrapper6wSleepEj
   \       0x16   0xB005             ADD      SP,SP,#+20
   \       0x18   0xBD00             POP      {PC}

   \                                 In section .text, align 2
   \   __vfp bool OsWrapper::MailBox<bool, 1U>::Put(bool const &)
   \                     _ZN9OsWrapper7MailBoxIbLj1EE3PutERKb: (+1)
   \        0x0   0xB538             PUSH     {R3-R5,LR}
   \        0x2   0x0004             MOVS     R4,R0
   \        0x4   0x000D             MOVS     R5,R1
   \        0x6   0x0029             MOVS     R1,R5
   \        0x8   0x0020             MOVS     R0,R4
   \        0xA   0x.... 0x....      BL       _ZN9OsWrapper11RtosWrapper11wMailBoxPutERPvPKv
   \        0xE   0xBD32             POP      {R1,R4,R5,PC}
      3          //#include "criticalsection.hpp" // for crit sec
      4          
      5          

   \                                 In section .text, align 4, keep-with-next
      6          void ButtonTask::Execute()
      7          {
   \                     _ZN10ButtonTask7ExecuteEv: (+1)
   \        0x0   0xB538             PUSH     {R3-R5,LR}
   \        0x2   0x0004             MOVS     R4,R0
      8            for (;;)
      9            {
     10              //mLockCoutMutex.Lock();
     11              //OsWrapper::CriticalSection criticalSection;
     12              /*
     13              std::cout << "buttonTask: ";
     14              for (int i = 0; i <= 10; ++i)
     15              {
     16                std::cout << "buttonTask: " << i;
     17              }
     18              std::cout << std::endl;
     19              */
     20          
     21              if (mButton.IsPressed())
   \                     ??Execute_1: (+1)
   \        0x4   0xF8D4 0x0468      LDR      R0,[R4, #+1128]
   \        0x8   0xF8D4 0x1468      LDR      R1,[R4, #+1128]
   \        0xC   0x6809             LDR      R1,[R1, #+0]
   \        0xE   0x6809             LDR      R1,[R1, #+0]
   \       0x10   0x4788             BLX      R1
   \       0x12   0x2800             CMP      R0,#+0
   \       0x14   0xD013             BEQ.N    ??Execute_2
     22              {
     23                const auto mailboxPutResult = mMailBox.Put(true);
   \       0x16   0x2001             MOVS     R0,#+1
   \       0x18   0xF88D 0x0000      STRB     R0,[SP, #+0]
   \       0x1C   0x4669             MOV      R1,SP
   \       0x1E   0xF8D4 0x046C      LDR      R0,[R4, #+1132]
   \       0x22   0x.... 0x....      BL       _ZN9OsWrapper7MailBoxIbLj1EE3PutERKb
   \       0x26   0x0005             MOVS     R5,R0
     24                assert(mailboxPutResult);
   \       0x28   0x0028             MOVS     R0,R5
   \       0x2A   0xB2C0             UXTB     R0,R0
   \       0x2C   0x2800             CMP      R0,#+0
   \       0x2E   0xD106             BNE.N    ??Execute_2
   \       0x30   0x2218             MOVS     R2,#+24
   \       0x32   0x4906             LDR.N    R1,??Execute_0
   \       0x34   0x4806             LDR.N    R0,??Execute_0+0x4
   \       0x36   0x.... 0x....      BL       __aeabi_assert
   \       0x3A   0x.... 0x....      BL       __iar_EmptyStepPoint
     25              }
     26              //mLockCoutMutex.UnLock();
     27          
     28              Sleep(mDelay);
   \                     ??Execute_2: (+1)
   \       0x3E   0xF514 0x628C      ADDS     R2,R4,#+1120
   \       0x42   0xE9D2 0x0100      LDRD     R0,R1,[R2, #+0]
   \       0x46   0x.... 0x....      BL       _ZN9OsWrapper7IThread5SleepENSt6chrono8durationIxSt5ratioILx1ELx1000EEEE
   \       0x4A   0xE7DB             B.N      ??Execute_1
   \                     ??Execute_0:
   \       0x4C   0x....'....        DC32     ?_1
   \       0x50   0x....'....        DC32     ?_0
     29            }
     30          }

   \                                 In section .rodata, align 4
   \                     ?_0:
   \        0x0   0x6D 0x61          DC8 "mailboxPutResult"

   \              0x69 0x6C    

   \              0x62 0x6F    

   \              0x78 0x50    

   \              0x75 0x74    

   \              0x52 0x65    

   \              0x73 0x75    

   \              0x6C 0x74    

   \              0x00
   \       0x11                      DS8 3

   \                                 In section .rodata, align 4
   \                     ?_1:
   \        0x0   0x43 0x3A          DC8 0x43, 0x3A, 0x5C, 0x70, 0x72, 0x6F, 0x6A, 0x65

   \              0x5C 0x70    

   \              0x72 0x6F    

   \              0x6A 0x65
   \        0x8   0x63 0x74          DC8 0x63, 0x74, 0x73, 0x5C, 0x6D, 0x69, 0x63, 0x72

   \              0x73 0x5C    

   \              0x6D 0x69    

   \              0x63 0x72
   \       0x10   0x6F 0x5C          DC8 0x6F, 0x5C, 0x52, 0x74, 0x6F, 0x73, 0x57, 0x72

   \              0x52 0x74    

   \              0x6F 0x73    

   \              0x57 0x72
   \       0x18   0x61 0x70          DC8 0x61, 0x70, 0x70, 0x65, 0x72, 0x5C, 0x4D, 0x79

   \              0x70 0x65    

   \              0x72 0x5C    

   \              0x4D 0x79
   \       0x20   0x54 0x61          DC8 0x54, 0x61, 0x73, 0x6B, 0x73, 0x5C, 0x42, 0x75

   \              0x73 0x6B    

   \              0x73 0x5C    

   \              0x42 0x75
   \       0x28   0x74 0x74          DC8 0x74, 0x74, 0x6F, 0x6E, 0x54, 0x61, 0x73, 0x6B

   \              0x6F 0x6E    

   \              0x54 0x61    

   \              0x73 0x6B
   \       0x30   0x2E 0x63          DC8 0x2E, 0x63, 0x70, 0x70, 0

   \              0x70 0x70    

   \              0x00
   \       0x35                      DS8 3

   Maximum stack usage in bytes:

   .cstack Function
   ------- --------
      16   ButtonTask::Execute()
        16   -- Indirect call
        16   -> OsWrapper::IThread::Sleep(std::chrono::milliseconds)
        16   -> OsWrapper::MailBox<bool, 1U>::Put(bool const &)
        16   -> __aeabi_assert
        16   -> __iar_EmptyStepPoint
      24   OsWrapper::IThread::Sleep(std::chrono::milliseconds)
        24   -> OsWrapper::RtosWrapper::wSleep(uint32_t)
        24   -> std::chrono::duration<uint32_t, std::ratio<10LL, 1'000LL>>::count() const
        24   -> std::chrono::duration_cast<OsWrapper::TicksPerSecond, __int64_t, std::milli>(std::chrono::duration<__int64_t, std::milli> const &)
      16   OsWrapper::MailBox<bool, 1U>::Put(bool const &)
        16   -> OsWrapper::RtosWrapper::wMailBoxPut(void * &, void const *)
      16   OsWrapper::RtosWrapper::wMailBoxPut(void * &, void const *)
        16   -> xQueueGenericSendFromISR
       8   OsWrapper::RtosWrapper::wSleep(uint32_t)
         8   -> vTaskDelay
       0   std::chrono::duration<__int64_t, std::milli>::count() const
       0   std::chrono::duration<uint32_t, std::ratio<10LL, 1'000LL>>::count() const
       0   std::chrono::duration<uint32_t, std::ratio<10LL, 1'000LL>>::duration<uint32_t, void>(uint32_t const &)
      16   std::chrono::duration_cast<OsWrapper::TicksPerSecond, __int64_t, std::milli>(std::chrono::duration<__int64_t, std::milli> const &)
        16   -> std::chrono::duration<__int64_t, std::milli>::count() const
        16   -> std::chrono::duration<uint32_t, std::ratio<10LL, 1'000LL>>::duration<uint32_t, void>(uint32_t const &)
        16 __aeabi_ldivmod


   Section sizes:

   Bytes  Function/Label
   -----  --------------
      20  ?_0
      56  ?_1
      84  ButtonTask::Execute()
      26  OsWrapper::IThread::Sleep(std::chrono::milliseconds)
      16  OsWrapper::MailBox<bool, 1U>::Put(bool const &)
      32  OsWrapper::RtosWrapper::wMailBoxPut(void * &, void const *)
      12  OsWrapper::RtosWrapper::wSleep(uint32_t)
       6  std::chrono::duration<__int64_t, std::milli>::count() const
       4  std::chrono::duration<uint32_t, std::ratio<10LL, 1'000LL>>::count() const
       6  std::chrono::duration<uint32_t, std::ratio<10LL, 1'000LL>>::duration<uint32_t, void>(uint32_t const &)
      32  std::chrono::duration_cast<OsWrapper::TicksPerSecond, __int64_t, std::milli>(std::chrono::duration<__int64_t, std::milli> const &)
     176  -- Other

 
 252 bytes in section .rodata
 218 bytes in section .text
 
 84 bytes of CODE  memory (+ 134 bytes shared)
 76 bytes of CONST memory (+ 176 bytes shared)

Errors: none
Warnings: none
